<?xml version="1.0" encoding="UTF-8" ?>
<testsuite failures="0" time="0.044" errors="2" skipped="0" tests="2" name="com.agoda.test.AggregatorServiceTest">
  <properties>
    <property name="java.runtime.name" value="Java(TM) SE Runtime Environment"/>
    <property name="sun.boot.library.path" value="C:\Users\AMIT SINGH\AppData\Local\Genuitec\Common\binary\com.sun.java.jdk.win32.x86_1.6.0.013\jre\bin"/>
    <property name="java.vm.version" value="11.3-b02"/>
    <property name="java.vm.vendor" value="Sun Microsystems Inc."/>
    <property name="java.vendor.url" value="http://java.sun.com/"/>
    <property name="path.separator" value=";"/>
    <property name="java.vm.name" value="Java HotSpot(TM) Client VM"/>
    <property name="file.encoding.pkg" value="sun.io"/>
    <property name="user.country" value="US"/>
    <property name="sun.java.launcher" value="SUN_STANDARD"/>
    <property name="sun.os.patch.level" value=""/>
    <property name="java.vm.specification.name" value="Java Virtual Machine Specification"/>
    <property name="user.dir" value="C:\Users\AMIT SINGH\Workspaces\NewWorkspace\RealTimeEventAggregator"/>
    <property name="java.runtime.version" value="1.6.0_13-b03"/>
    <property name="java.awt.graphicsenv" value="sun.awt.Win32GraphicsEnvironment"/>
    <property name="basedir" value="C:\Users\AMIT SINGH\Workspaces\NewWorkspace\RealTimeEventAggregator"/>
    <property name="java.endorsed.dirs" value="C:\Users\AMIT SINGH\AppData\Local\Genuitec\Common\binary\com.sun.java.jdk.win32.x86_1.6.0.013\jre\lib\endorsed"/>
    <property name="os.arch" value="x86"/>
    <property name="surefire.real.class.path" value="C:\Users\AMITSI~1\AppData\Local\Temp\surefirebooter7869771826711477677.jar"/>
    <property name="java.io.tmpdir" value="C:\Users\AMITSI~1\AppData\Local\Temp\"/>
    <property name="line.separator" value="
"/>
    <property name="java.vm.specification.vendor" value="Sun Microsystems Inc."/>
    <property name="user.variant" value=""/>
    <property name="os.name" value="Windows Vista"/>
    <property name="sun.jnu.encoding" value="Cp1252"/>
    <property name="java.library.path" value="C:\Users\AMIT SINGH\AppData\Local\Genuitec\Common\binary\com.sun.java.jdk.win32.x86_1.6.0.013\jre\bin;.;C:\Windows\Sun\Java\bin;C:\Windows\system32;C:\Windows;C:/Users/AMIT SINGH/AppData/Local/Genuitec/Common/binary/com.sun.java.jdk.win32.x86_1.6.0.013/jre/bin/client;C:/Users/AMIT SINGH/AppData/Local/Genuitec/Common/binary/com.sun.java.jdk.win32.x86_1.6.0.013/jre/bin;C:\Program Files (x86)\Intel\iCLS Client\;C:\Program Files\Intel\iCLS Client\;C:\Windows\system32;C:\Windows;C:\Windows\System32\Wbem;C:\Windows\System32\WindowsPowerShell\v1.0\;C:\Program Files\Intel\Intel(R) Management Engine Components\DAL;C:\Program Files\Intel\Intel(R) Management Engine Components\IPT;C:\Program Files (x86)\Intel\Intel(R) Management Engine Components\DAL;C:\Program Files (x86)\Intel\Intel(R) Management Engine Components\IPT;C:\Program Files (x86)\Windows Live\Shared;C:\Program Files\TortoiseSVN\bin;C:\Program Files\Java\jdk1.6.0_45\bin;C:\Program Files\Common Files\Easysoft\Shared;C:\Program Files\Progress\DataDirect\ODBC_71\drivers;C:\Program Files\Progress\DataDirect\ODBC_71\jre\bin;C:\Program Files\Progress\DataDirect\ODBC_71\jre\bin\server;C:\Program Files (x86)\sbt\\bin;C:\Program Files (x86)\Skype\Phone\;C:\Program Files (x86)\scala\bin"/>
    <property name="surefire.test.class.path" value="C:\Users\AMIT SINGH\Workspaces\NewWorkspace\RealTimeEventAggregator\target\test-classes;C:\Users\AMIT SINGH\Workspaces\NewWorkspace\RealTimeEventAggregator\target\classes;C:\Users\AMIT SINGH\.m2\repository\javax\ws\rs\javax.ws.rs-api\2.0\javax.ws.rs-api-2.0.jar;C:\Users\AMIT SINGH\.m2\repository\org\json\json\20090211\json-20090211.jar;C:\Users\AMIT SINGH\.m2\repository\com\sun\jersey\jersey-client\1.9.1\jersey-client-1.9.1.jar;C:\Users\AMIT SINGH\.m2\repository\com\sun\jersey\jersey-core\1.9.1\jersey-core-1.9.1.jar;C:\Users\AMIT SINGH\.m2\repository\com\sun\jersey\jersey-test-framework\jersey-test-framework-core\1.9\jersey-test-framework-core-1.9.jar;C:\Users\AMIT SINGH\.m2\repository\javax\servlet\javax.servlet-api\3.0.1\javax.servlet-api-3.0.1.jar;C:\Users\AMIT SINGH\.m2\repository\junit\junit\4.4\junit-4.4.jar;C:\Users\AMIT SINGH\.m2\repository\com\sun\jersey\jersey-server\1.9\jersey-server-1.9.jar;C:\Users\AMIT SINGH\.m2\repository\asm\asm\3.1\asm-3.1.jar;C:\Users\AMIT SINGH\.m2\repository\com\sun\jersey\jersey-test-framework\jersey-test-framework-external\1.9\jersey-test-framework-external-1.9.jar;C:\Users\AMIT SINGH\.m2\repository\org\codehaus\jettison\jettison\1.3.7\jettison-1.3.7.jar;C:\Users\AMIT SINGH\.m2\repository\stax\stax-api\1.0.1\stax-api-1.0.1.jar;"/>
    <property name="java.specification.name" value="Java Platform API Specification"/>
    <property name="java.class.version" value="50.0"/>
    <property name="sun.management.compiler" value="HotSpot Client Compiler"/>
    <property name="os.version" value="6.2"/>
    <property name="user.home" value="C:\Users\AMIT SINGH"/>
    <property name="user.timezone" value=""/>
    <property name="java.awt.printerjob" value="sun.awt.windows.WPrinterJob"/>
    <property name="java.specification.version" value="1.6"/>
    <property name="file.encoding" value="Cp1252"/>
    <property name="user.name" value="AMIT SINGH"/>
    <property name="java.class.path" value="C:\Users\AMIT SINGH\Workspaces\NewWorkspace\RealTimeEventAggregator\target\test-classes;C:\Users\AMIT SINGH\Workspaces\NewWorkspace\RealTimeEventAggregator\target\classes;C:\Users\AMIT SINGH\.m2\repository\javax\ws\rs\javax.ws.rs-api\2.0\javax.ws.rs-api-2.0.jar;C:\Users\AMIT SINGH\.m2\repository\org\json\json\20090211\json-20090211.jar;C:\Users\AMIT SINGH\.m2\repository\com\sun\jersey\jersey-client\1.9.1\jersey-client-1.9.1.jar;C:\Users\AMIT SINGH\.m2\repository\com\sun\jersey\jersey-core\1.9.1\jersey-core-1.9.1.jar;C:\Users\AMIT SINGH\.m2\repository\com\sun\jersey\jersey-test-framework\jersey-test-framework-core\1.9\jersey-test-framework-core-1.9.jar;C:\Users\AMIT SINGH\.m2\repository\javax\servlet\javax.servlet-api\3.0.1\javax.servlet-api-3.0.1.jar;C:\Users\AMIT SINGH\.m2\repository\junit\junit\4.4\junit-4.4.jar;C:\Users\AMIT SINGH\.m2\repository\com\sun\jersey\jersey-server\1.9\jersey-server-1.9.jar;C:\Users\AMIT SINGH\.m2\repository\asm\asm\3.1\asm-3.1.jar;C:\Users\AMIT SINGH\.m2\repository\com\sun\jersey\jersey-test-framework\jersey-test-framework-external\1.9\jersey-test-framework-external-1.9.jar;C:\Users\AMIT SINGH\.m2\repository\org\codehaus\jettison\jettison\1.3.7\jettison-1.3.7.jar;C:\Users\AMIT SINGH\.m2\repository\stax\stax-api\1.0.1\stax-api-1.0.1.jar;"/>
    <property name="java.vm.specification.version" value="1.0"/>
    <property name="sun.arch.data.model" value="32"/>
    <property name="java.home" value="C:\Users\AMIT SINGH\AppData\Local\Genuitec\Common\binary\com.sun.java.jdk.win32.x86_1.6.0.013\jre"/>
    <property name="java.specification.vendor" value="Sun Microsystems Inc."/>
    <property name="user.language" value="en"/>
    <property name="awt.toolkit" value="sun.awt.windows.WToolkit"/>
    <property name="java.vm.info" value="mixed mode"/>
    <property name="java.version" value="1.6.0_13"/>
    <property name="java.ext.dirs" value="C:\Users\AMIT SINGH\AppData\Local\Genuitec\Common\binary\com.sun.java.jdk.win32.x86_1.6.0.013\jre\lib\ext;C:\Windows\Sun\Java\lib\ext"/>
    <property name="sun.boot.class.path" value="C:\Users\AMIT SINGH\AppData\Local\Genuitec\Common\binary\com.sun.java.jdk.win32.x86_1.6.0.013\jre\lib\resources.jar;C:\Users\AMIT SINGH\AppData\Local\Genuitec\Common\binary\com.sun.java.jdk.win32.x86_1.6.0.013\jre\lib\rt.jar;C:\Users\AMIT SINGH\AppData\Local\Genuitec\Common\binary\com.sun.java.jdk.win32.x86_1.6.0.013\jre\lib\sunrsasign.jar;C:\Users\AMIT SINGH\AppData\Local\Genuitec\Common\binary\com.sun.java.jdk.win32.x86_1.6.0.013\jre\lib\jsse.jar;C:\Users\AMIT SINGH\AppData\Local\Genuitec\Common\binary\com.sun.java.jdk.win32.x86_1.6.0.013\jre\lib\jce.jar;C:\Users\AMIT SINGH\AppData\Local\Genuitec\Common\binary\com.sun.java.jdk.win32.x86_1.6.0.013\jre\lib\charsets.jar;C:\Users\AMIT SINGH\AppData\Local\Genuitec\Common\binary\com.sun.java.jdk.win32.x86_1.6.0.013\jre\classes"/>
    <property name="java.vendor" value="Sun Microsystems Inc."/>
    <property name="localRepository" value="C:\Users\AMIT SINGH\.m2\repository"/>
    <property name="file.separator" value="\"/>
    <property name="java.vendor.url.bug" value="http://java.sun.com/cgi-bin/bugreport.cgi"/>
    <property name="sun.cpu.endian" value="little"/>
    <property name="sun.io.unicode.encoding" value="UnicodeLittle"/>
    <property name="sun.desktop" value="windows"/>
    <property name="sun.cpu.isalist" value="pentium_pro+mmx pentium_pro pentium+mmx pentium i486 i386 i86"/>
  </properties>
  <testcase time="0.004" classname="com.agoda.test.AggregatorServiceTest" name="testCountEventsSuccess">
    <error message="The default test container factory, null, could not be instantiated" type="com.sun.jersey.test.framework.spi.container.TestContainerException">com.sun.jersey.test.framework.spi.container.TestContainerException: The default test container factory, null, could not be instantiated
	at com.sun.jersey.test.framework.JerseyTest.getDefaultTestContainerFactory(JerseyTest.java:408)
	at com.sun.jersey.test.framework.JerseyTest.getTestContainerFactory(JerseyTest.java:273)
	at com.sun.jersey.test.framework.JerseyTest.&lt;init&gt;(JerseyTest.java:165)
	at com.agoda.test.AggregatorServiceTest.&lt;init&gt;(AggregatorServiceTest.java:18)
	at sun.reflect.NativeConstructorAccessorImpl.newInstance0(Native Method)
	at sun.reflect.NativeConstructorAccessorImpl.newInstance(NativeConstructorAccessorImpl.java:39)
	at sun.reflect.DelegatingConstructorAccessorImpl.newInstance(DelegatingConstructorAccessorImpl.java:27)
	at java.lang.reflect.Constructor.newInstance(Constructor.java:513)
	at org.junit.internal.runners.JUnit4ClassRunner.createTest(JUnit4ClassRunner.java:72)
	at org.junit.internal.runners.JUnit4ClassRunner.invokeTestMethod(JUnit4ClassRunner.java:79)
	at org.junit.internal.runners.JUnit4ClassRunner.runMethods(JUnit4ClassRunner.java:51)
	at org.junit.internal.runners.JUnit4ClassRunner$1.run(JUnit4ClassRunner.java:44)
	at org.junit.internal.runners.ClassRoadie.runUnprotected(ClassRoadie.java:27)
	at org.junit.internal.runners.ClassRoadie.runProtected(ClassRoadie.java:37)
	at org.junit.internal.runners.JUnit4ClassRunner.run(JUnit4ClassRunner.java:42)
	at org.apache.maven.surefire.junit4.JUnit4TestSet.execute(JUnit4TestSet.java:62)
	at org.apache.maven.surefire.suite.AbstractDirectoryTestSuite.executeTestSet(AbstractDirectoryTestSuite.java:140)
	at org.apache.maven.surefire.suite.AbstractDirectoryTestSuite.execute(AbstractDirectoryTestSuite.java:127)
	at org.apache.maven.surefire.Surefire.run(Surefire.java:177)
	at sun.reflect.NativeMethodAccessorImpl.invoke0(Native Method)
	at sun.reflect.NativeMethodAccessorImpl.invoke(NativeMethodAccessorImpl.java:39)
	at sun.reflect.DelegatingMethodAccessorImpl.invoke(DelegatingMethodAccessorImpl.java:25)
	at java.lang.reflect.Method.invoke(Method.java:597)
	at org.apache.maven.surefire.booter.SurefireBooter.runSuitesInProcess(SurefireBooter.java:345)
	at org.apache.maven.surefire.booter.SurefireBooter.main(SurefireBooter.java:1009)
Caused by: java.lang.NullPointerException
	at com.sun.jersey.test.framework.JerseyTest.getDefaultTestContainerFactory(JerseyTest.java:406)
	... 24 more
</error>
  </testcase>
  <testcase time="0" classname="com.agoda.test.AggregatorServiceTest" name="testCountEvents">
    <error message="The default test container factory, null, could not be instantiated" type="com.sun.jersey.test.framework.spi.container.TestContainerException">com.sun.jersey.test.framework.spi.container.TestContainerException: The default test container factory, null, could not be instantiated
	at com.sun.jersey.test.framework.JerseyTest.getDefaultTestContainerFactory(JerseyTest.java:408)
	at com.sun.jersey.test.framework.JerseyTest.getTestContainerFactory(JerseyTest.java:273)
	at com.sun.jersey.test.framework.JerseyTest.&lt;init&gt;(JerseyTest.java:165)
	at com.agoda.test.AggregatorServiceTest.&lt;init&gt;(AggregatorServiceTest.java:18)
	at sun.reflect.NativeConstructorAccessorImpl.newInstance0(Native Method)
	at sun.reflect.NativeConstructorAccessorImpl.newInstance(NativeConstructorAccessorImpl.java:39)
	at sun.reflect.DelegatingConstructorAccessorImpl.newInstance(DelegatingConstructorAccessorImpl.java:27)
	at java.lang.reflect.Constructor.newInstance(Constructor.java:513)
	at org.junit.internal.runners.JUnit4ClassRunner.createTest(JUnit4ClassRunner.java:72)
	at org.junit.internal.runners.JUnit4ClassRunner.invokeTestMethod(JUnit4ClassRunner.java:79)
	at org.junit.internal.runners.JUnit4ClassRunner.runMethods(JUnit4ClassRunner.java:51)
	at org.junit.internal.runners.JUnit4ClassRunner$1.run(JUnit4ClassRunner.java:44)
	at org.junit.internal.runners.ClassRoadie.runUnprotected(ClassRoadie.java:27)
	at org.junit.internal.runners.ClassRoadie.runProtected(ClassRoadie.java:37)
	at org.junit.internal.runners.JUnit4ClassRunner.run(JUnit4ClassRunner.java:42)
	at org.apache.maven.surefire.junit4.JUnit4TestSet.execute(JUnit4TestSet.java:62)
	at org.apache.maven.surefire.suite.AbstractDirectoryTestSuite.executeTestSet(AbstractDirectoryTestSuite.java:140)
	at org.apache.maven.surefire.suite.AbstractDirectoryTestSuite.execute(AbstractDirectoryTestSuite.java:127)
	at org.apache.maven.surefire.Surefire.run(Surefire.java:177)
	at sun.reflect.NativeMethodAccessorImpl.invoke0(Native Method)
	at sun.reflect.NativeMethodAccessorImpl.invoke(NativeMethodAccessorImpl.java:39)
	at sun.reflect.DelegatingMethodAccessorImpl.invoke(DelegatingMethodAccessorImpl.java:25)
	at java.lang.reflect.Method.invoke(Method.java:597)
	at org.apache.maven.surefire.booter.SurefireBooter.runSuitesInProcess(SurefireBooter.java:345)
	at org.apache.maven.surefire.booter.SurefireBooter.main(SurefireBooter.java:1009)
Caused by: java.lang.NullPointerException
	at com.sun.jersey.test.framework.JerseyTest.getDefaultTestContainerFactory(JerseyTest.java:406)
	... 24 more
</error>
  </testcase>
</testsuite>